

> @vog/tri-mongo@0.1.0 build /Users/RF/Arbeitsmappe/LandingeDbtt/packages/tri-mongo
> tsup

[34mCLI[39m Building entry: src/index.ts
[34mCLI[39m Using tsconfig: tsconfig.json
[34mCLI[39m tsup v8.5.0
[34mCLI[39m Using tsup config: /Users/RF/Arbeitsmappe/LandingeDbtt/packages/tri-mongo/tsup.config.ts
[34mCLI[39m Target: es2022
[34mCLI[39m Cleaning output folder
[34mESM[39m Build start
[34mCJS[39m Build start
[32mCJS[39m [1mdist/index.js     [22m[32m3.94 KB[39m
[32mCJS[39m [1mdist/index.js.map [22m[32m5.68 KB[39m
[32mCJS[39m ⚡️ Build success in 18ms
[32mESM[39m [1mdist/index.mjs     [22m[32m2.11 KB[39m
[32mESM[39m [1mdist/index.mjs.map [22m[32m5.57 KB[39m
[32mESM[39m ⚡️ Build success in 18ms
DTS Build start
DTS ⚡️ Build success in 2196ms
DTS dist/index.d.mts 2.59 KB
DTS dist/index.d.ts  2.59 KB
